<?xml version="1.0" encoding="UTF-8"?>
<!-- Generated by org.testng.reporters.JUnitReportReporter -->
<testsuite hostname="DESKTOP-S4VQME9" failures="0" tests="2" name="com.DataDriven" time="6.480" errors="0" timestamp="2024-08-06T16:34:22 IST" skipped="0">
  <testcase classname="com.DataDriven" name="logintest" time="3.201"/>
  <testcase classname="com.DataDriven" name="logintest" time="3.279"/>
</testsuite> <!-- com.DataDriven -->
