<?xml version="1.0" encoding="UTF-8"?>
<!-- Generated by org.testng.reporters.JUnitReportReporter -->
<testsuite hostname="DESKTOP-S4VQME9" failures="0" tests="1" name="parameters.LoginParameter" time="3.325" errors="0" timestamp="2024-09-17T18:54:01 IST" skipped="0">
  <testcase classname="parameters.LoginParameter" name="loginTest" time="3.325"/>
</testsuite> <!-- parameters.LoginParameter -->
