<?xml version="1.0" encoding="UTF-8"?>
<!-- Generated by org.testng.reporters.JUnitReportReporter -->
<testsuite hostname="DESKTOP-S4VQME9" failures="0" tests="1" name="insta.Story" time="0.001" errors="0" timestamp="2024-09-17T18:39:52 IST" skipped="0">
  <testcase classname="insta.Story" name="createStory" time="0.001"/>
</testsuite> <!-- insta.Story -->
