<?xml version="1.0" encoding="UTF-8"?>
<!-- Generated by org.testng.reporters.JUnitReportReporter -->
<testsuite hostname="DESKTOP-S4VQME9" failures="0" tests="5" name="basic.P001_First" time="0.014" errors="0" timestamp="2024-09-10T18:26:27 IST" skipped="0">
  <testcase classname="basic.P001_First" name="CA" time="0.008"/>
  <testcase classname="basic.P001_First" name="login" time="0.001"/>
  <testcase classname="basic.P001_First" name="profile" time="0.001"/>
  <testcase classname="basic.P001_First" name="changePass" time="0.001"/>
  <testcase classname="basic.P001_First" name="logout" time="0.003"/>
</testsuite> <!-- basic.P001_First -->
