<?xml version="1.0" encoding="UTF-8"?>
<!-- Generated by org.testng.reporters.JUnitReportReporter -->
<testsuite hostname="DESKTOP-S4VQME9" failures="0" tests="2" name="insta.Reels" time="0.007" errors="0" timestamp="2024-09-24T18:34:15 IST" skipped="0">
  <testcase classname="insta.Reels" name="remove" time="0.003"/>
  <testcase classname="insta.Reels" name="createReel" time="0.004"/>
</testsuite> <!-- insta.Reels -->
