<?xml version="1.0" encoding="UTF-8"?>
<!-- Generated by org.testng.reporters.JUnitReportReporter -->
<testsuite hostname="DESKTOP-S4VQME9" failures="0" tests="3" name="parameters.CrossBrowsert" time="10.661" errors="0" timestamp="2024-09-17T19:02:51 IST" skipped="0">
  <testcase classname="parameters.CrossBrowsert" name="browserTest" time="1.928"/>
  <testcase classname="parameters.CrossBrowsert" name="browserTest" time="4.320"/>
  <testcase classname="parameters.CrossBrowsert" name="browserTest" time="4.413"/>
</testsuite> <!-- parameters.CrossBrowsert -->
