<?xml version="1.0" encoding="UTF-8"?>
<!-- Generated by org.testng.reporters.JUnitReportReporter -->
<testsuite hostname="DESKTOP-S4VQME9" failures="0" tests="8" name="insta.Followers" time="0.025" errors="0" timestamp="2024-09-17T18:33:28 IST" skipped="0">
  <testcase classname="insta.Followers" name="sendRequest" time="0.004"/>
  <testcase classname="insta.Followers" name="unfollow" time="0.003"/>
  <testcase classname="insta.Followers" name="block" time="0.001"/>
  <testcase classname="insta.Followers" name="block" time="0.001"/>
  <testcase classname="insta.Followers" name="sendRequest" time="0.001"/>
  <testcase classname="insta.Followers" name="unfollow" time="0.001"/>
  <testcase classname="insta.Followers" name="acceptRequ" time="0.001"/>
  <testcase classname="insta.Followers" name="acceptRequ" time="0.013"/>
</testsuite> <!-- insta.Followers -->
