<?xml version="1.0" encoding="UTF-8"?>
<!-- Generated by org.testng.reporters.JUnitReportReporter -->
<testsuite hostname="DESKTOP-S4VQME9" failures="0" tests="1" name="insta.Reels" time="0.008" errors="0" timestamp="2024-09-10T18:51:26 IST" skipped="0">
  <testcase classname="insta.Reels" name="shareWithPriority" time="0.008"/>
</testsuite> <!-- insta.Reels -->
