<?xml version="1.0" encoding="UTF-8"?>
<!-- Generated by org.testng.reporters.JUnitReportReporter -->
<testsuite hostname="DESKTOP-S4VQME9" failures="0" tests="5" name="insta.User" time="0.011" errors="0" timestamp="2024-09-10T18:49:32 IST" skipped="0">
  <testcase classname="insta.User" name="changePassword" time="0.002"/>
  <testcase classname="insta.User" name="logout" time="0.001"/>
  <testcase classname="insta.User" name="profile" time="0.002"/>
  <testcase classname="insta.User" name="CA" time="0.002"/>
  <testcase classname="insta.User" name="login" time="0.004"/>
</testsuite> <!-- insta.User -->
