<?xml version="1.0" encoding="UTF-8"?>
<!-- Generated by org.testng.reporters.JUnitReportReporter -->
<testsuite hostname="DESKTOP-S4VQME9" failures="0" tests="1" name="insta.Story" time="0.002" errors="0" timestamp="2024-09-24T18:32:01 IST" skipped="0">
  <testcase classname="insta.Story" name="createStory" time="0.002"/>
</testsuite> <!-- insta.Story -->
