<?xml version="1.0" encoding="UTF-8"?>
<!-- Generated by org.testng.reporters.JUnitReportReporter -->
<testsuite hostname="DESKTOP-S4VQME9" failures="0" tests="5" name="insta.Story" time="0.019" errors="0" timestamp="2024-09-10T18:49:32 IST" skipped="0">
  <testcase classname="insta.Story" name="remove" time="0.002"/>
  <testcase classname="insta.Story" name="edit" time="0.001"/>
  <testcase classname="insta.Story" name="location" time="0.004"/>
  <testcase classname="insta.Story" name="create" time="0.001"/>
  <testcase classname="insta.Story" name="shareWithPriority" time="0.011"/>
</testsuite> <!-- insta.Story -->
