<?xml version="1.0" encoding="UTF-8"?>
<!-- Generated by org.testng.reporters.JUnitReportReporter -->
<testsuite hostname="DESKTOP-S4VQME9" failures="0" tests="4" name="insta.Followers" time="0.013" errors="0" timestamp="2024-09-10T18:49:32 IST" skipped="0">
  <testcase classname="insta.Followers" name="sendRequest" time="0.001"/>
  <testcase classname="insta.Followers" name="unfollow" time="0.001"/>
  <testcase classname="insta.Followers" name="acceptRequ" time="0.009"/>
  <testcase classname="insta.Followers" name="block" time="0.002"/>
</testsuite> <!-- insta.Followers -->
