<?xml version="1.0" encoding="UTF-8"?>
<!-- Generated by org.testng.reporters.JUnitReportReporter -->
<testsuite hostname="DESKTOP-S4VQME9" failures="0" tests="1" name="insta.User" time="0.010" errors="0" timestamp="2024-09-17T18:43:09 IST" skipped="0">
  <testcase classname="insta.User" name="login" time="0.010"/>
</testsuite> <!-- insta.User -->
