<?xml version="1.0" encoding="UTF-8"?>
<!-- Generated by org.testng.reporters.JUnitReportReporter -->
<testsuite hostname="DESKTOP-S4VQME9" failures="0" tests="1" name="insta.User" time="0.014" errors="0" timestamp="2024-09-24T18:34:15 IST" skipped="0">
  <testcase classname="insta.User" name="login" time="0.014"/>
</testsuite> <!-- insta.User -->
